{"/Users/chourihan1/Code/Personal/pool-redis-promise/dist/pool_redis_promise.js":{"path":"/Users/chourihan1/Code/Personal/pool-redis-promise/dist/pool_redis_promise.js","s":{"1":1,"2":1,"3":1,"4":2,"5":2,"6":2,"7":2,"8":2,"9":2,"10":1,"11":1,"12":1,"13":1,"14":0,"15":1,"16":1,"17":1,"18":0,"19":1,"20":1,"21":1,"22":1,"23":1,"24":1,"25":1,"26":1,"27":1,"28":1,"29":1,"30":1,"31":1,"32":1,"33":1,"34":1,"35":1,"36":1,"37":1,"38":1,"39":1,"40":1,"41":1,"42":1,"43":1,"44":1,"45":1,"46":1,"47":0,"48":1,"49":1,"50":1,"51":1},"b":{"1":[2,2],"2":[2,0],"3":[1,0],"4":[0,1],"5":[0,1],"6":[1,0],"7":[1,0],"8":[1,1],"9":[1,1],"10":[1,1],"11":[1,1],"12":[1,1],"13":[1,1],"14":[1,1],"15":[1,1],"16":[1,1],"17":[1,0],"18":[1,0]},"f":{"1":1,"2":1,"3":1,"4":1,"5":1,"6":1,"7":1,"8":1,"9":1,"10":1,"11":1,"12":1},"fnMap":{"1":{"name":"(anonymous_1)","line":6,"loc":{"start":{"line":6,"column":20},"end":{"line":6,"column":32}}},"2":{"name":"defineProperties","line":6,"loc":{"start":{"line":6,"column":34},"end":{"line":6,"column":75}}},"3":{"name":"(anonymous_3)","line":6,"loc":{"start":{"line":6,"column":358},"end":{"line":6,"column":406}}},"4":{"name":"_classCallCheck","line":8,"loc":{"start":{"line":8,"column":0},"end":{"line":8,"column":48}}},"5":{"name":"(anonymous_5)","line":14,"loc":{"start":{"line":14,"column":24},"end":{"line":14,"column":36}}},"6":{"name":"PoolRedisPromise","line":15,"loc":{"start":{"line":15,"column":2},"end":{"line":15,"column":30}}},"7":{"name":"getClientAsync","line":36,"loc":{"start":{"line":36,"column":11},"end":{"line":36,"column":37}}},"8":{"name":"(anonymous_8)","line":39,"loc":{"start":{"line":39,"column":127},"end":{"line":39,"column":145}}},"9":{"name":"_getClientFromPool","line":47,"loc":{"start":{"line":47,"column":11},"end":{"line":47,"column":41}}},"10":{"name":"(anonymous_10)","line":50,"loc":{"start":{"line":50,"column":26},"end":{"line":50,"column":45}}},"11":{"name":"(anonymous_11)","line":52,"loc":{"start":{"line":52,"column":35},"end":{"line":52,"column":53}}},"12":{"name":"handleSetClient","line":62,"loc":{"start":{"line":62,"column":10},"end":{"line":62,"column":37}}}},"statementMap":{"1":{"start":{"line":6,"column":0},"end":{"line":6,"column":566}},"2":{"start":{"line":6,"column":34},"end":{"line":6,"column":350}},"3":{"start":{"line":6,"column":77},"end":{"line":6,"column":348}},"4":{"start":{"line":6,"column":118},"end":{"line":6,"column":144}},"5":{"start":{"line":6,"column":145},"end":{"line":6,"column":200}},"6":{"start":{"line":6,"column":201},"end":{"line":6,"column":232}},"7":{"start":{"line":6,"column":233},"end":{"line":6,"column":287}},"8":{"start":{"line":6,"column":260},"end":{"line":6,"column":287}},"9":{"start":{"line":6,"column":288},"end":{"line":6,"column":346}},"10":{"start":{"line":6,"column":351},"end":{"line":6,"column":560}},"11":{"start":{"line":6,"column":408},"end":{"line":6,"column":476}},"12":{"start":{"line":6,"column":424},"end":{"line":6,"column":476}},"13":{"start":{"line":6,"column":477},"end":{"line":6,"column":537}},"14":{"start":{"line":6,"column":494},"end":{"line":6,"column":537}},"15":{"start":{"line":6,"column":538},"end":{"line":6,"column":557}},"16":{"start":{"line":8,"column":0},"end":{"line":8,"column":153}},"17":{"start":{"line":8,"column":50},"end":{"line":8,"column":151}},"18":{"start":{"line":8,"column":92},"end":{"line":8,"column":149}},"19":{"start":{"line":10,"column":0},"end":{"line":12,"column":43}},"20":{"start":{"line":14,"column":0},"end":{"line":71,"column":5}},"21":{"start":{"line":15,"column":2},"end":{"line":32,"column":3}},"22":{"start":{"line":16,"column":4},"end":{"line":16,"column":89}},"23":{"start":{"line":18,"column":4},"end":{"line":18,"column":44}},"24":{"start":{"line":20,"column":4},"end":{"line":20,"column":62}},"25":{"start":{"line":21,"column":4},"end":{"line":21,"column":62}},"26":{"start":{"line":22,"column":4},"end":{"line":22,"column":74}},"27":{"start":{"line":23,"column":4},"end":{"line":23,"column":89}},"28":{"start":{"line":24,"column":4},"end":{"line":24,"column":63}},"29":{"start":{"line":25,"column":4},"end":{"line":25,"column":46}},"30":{"start":{"line":26,"column":4},"end":{"line":26,"column":42}},"31":{"start":{"line":27,"column":4},"end":{"line":27,"column":103}},"32":{"start":{"line":28,"column":4},"end":{"line":28,"column":84}},"33":{"start":{"line":30,"column":4},"end":{"line":30,"column":26}},"34":{"start":{"line":31,"column":4},"end":{"line":31,"column":39}},"35":{"start":{"line":34,"column":2},"end":{"line":68,"column":6}},"36":{"start":{"line":37,"column":6},"end":{"line":37,"column":23}},"37":{"start":{"line":39,"column":6},"end":{"line":43,"column":9}},"38":{"start":{"line":40,"column":8},"end":{"line":42,"column":9}},"39":{"start":{"line":41,"column":10},"end":{"line":41,"column":49}},"40":{"start":{"line":48,"column":6},"end":{"line":48,"column":24}},"41":{"start":{"line":50,"column":6},"end":{"line":66,"column":9}},"42":{"start":{"line":52,"column":8},"end":{"line":65,"column":11}},"43":{"start":{"line":54,"column":10},"end":{"line":60,"column":11}},"44":{"start":{"line":55,"column":12},"end":{"line":55,"column":42}},"45":{"start":{"line":56,"column":12},"end":{"line":56,"column":37}},"46":{"start":{"line":57,"column":12},"end":{"line":57,"column":81}},"47":{"start":{"line":59,"column":12},"end":{"line":59,"column":30}},"48":{"start":{"line":62,"column":10},"end":{"line":64,"column":11}},"49":{"start":{"line":63,"column":12},"end":{"line":63,"column":28}},"50":{"start":{"line":70,"column":2},"end":{"line":70,"column":26}},"51":{"start":{"line":73,"column":0},"end":{"line":73,"column":34}}},"branchMap":{"1":{"line":6,"type":"binary-expr","locations":[{"start":{"line":6,"column":169},"end":{"line":6,"column":190}},{"start":{"line":6,"column":194},"end":{"line":6,"column":199}}]},"2":{"line":6,"type":"if","locations":[{"start":{"line":6,"column":233},"end":{"line":6,"column":233}},{"start":{"line":6,"column":233},"end":{"line":6,"column":233}}]},"3":{"line":6,"type":"if","locations":[{"start":{"line":6,"column":408},"end":{"line":6,"column":408}},{"start":{"line":6,"column":408},"end":{"line":6,"column":408}}]},"4":{"line":6,"type":"if","locations":[{"start":{"line":6,"column":477},"end":{"line":6,"column":477}},{"start":{"line":6,"column":477},"end":{"line":6,"column":477}}]},"5":{"line":8,"type":"if","locations":[{"start":{"line":8,"column":50},"end":{"line":8,"column":50}},{"start":{"line":8,"column":50},"end":{"line":8,"column":50}}]},"6":{"line":16,"type":"cond-expr","locations":[{"start":{"line":16,"column":71},"end":{"line":16,"column":73}},{"start":{"line":16,"column":76},"end":{"line":16,"column":88}}]},"7":{"line":16,"type":"binary-expr","locations":[{"start":{"line":16,"column":17},"end":{"line":16,"column":38}},{"start":{"line":16,"column":42},"end":{"line":16,"column":68}}]},"8":{"line":20,"type":"binary-expr","locations":[{"start":{"line":20,"column":18},"end":{"line":20,"column":29}},{"start":{"line":20,"column":33},"end":{"line":20,"column":61}}]},"9":{"line":21,"type":"binary-expr","locations":[{"start":{"line":21,"column":18},"end":{"line":21,"column":29}},{"start":{"line":21,"column":33},"end":{"line":21,"column":61}}]},"10":{"line":22,"type":"binary-expr","locations":[{"start":{"line":22,"column":22},"end":{"line":22,"column":37}},{"start":{"line":22,"column":41},"end":{"line":22,"column":73}}]},"11":{"line":23,"type":"binary-expr","locations":[{"start":{"line":23,"column":28},"end":{"line":23,"column":49}},{"start":{"line":23,"column":53},"end":{"line":23,"column":88}}]},"12":{"line":24,"type":"binary-expr","locations":[{"start":{"line":24,"column":30},"end":{"line":24,"column":53}},{"start":{"line":24,"column":57},"end":{"line":24,"column":62}}]},"13":{"line":25,"type":"binary-expr","locations":[{"start":{"line":25,"column":22},"end":{"line":25,"column":37}},{"start":{"line":25,"column":41},"end":{"line":25,"column":45}}]},"14":{"line":26,"type":"binary-expr","locations":[{"start":{"line":26,"column":21},"end":{"line":26,"column":35}},{"start":{"line":26,"column":39},"end":{"line":26,"column":41}}]},"15":{"line":27,"type":"binary-expr","locations":[{"start":{"line":27,"column":37},"end":{"line":27,"column":67}},{"start":{"line":27,"column":71},"end":{"line":27,"column":102}}]},"16":{"line":28,"type":"binary-expr","locations":[{"start":{"line":28,"column":30},"end":{"line":28,"column":53}},{"start":{"line":28,"column":57},"end":{"line":28,"column":83}}]},"17":{"line":40,"type":"if","locations":[{"start":{"line":40,"column":8},"end":{"line":40,"column":8}},{"start":{"line":40,"column":8},"end":{"line":40,"column":8}}]},"18":{"line":54,"type":"if","locations":[{"start":{"line":54,"column":10},"end":{"line":54,"column":10}},{"start":{"line":54,"column":10},"end":{"line":54,"column":10}}]}}},"/Users/chourihan1/Code/Personal/pool-redis-promise/config.js":{"path":"/Users/chourihan1/Code/Personal/pool-redis-promise/config.js","s":{"1":1,"2":1},"b":{},"f":{},"fnMap":{},"statementMap":{"1":{"start":{"line":1,"column":0},"end":{"line":8,"column":3}},"2":{"start":{"line":10,"column":0},"end":{"line":10,"column":24}}},"branchMap":{}}}