TN:
SF:/Users/chourihan1/Code/Personal/pool-redis-promise/dist/pool_redis_promise.js
FN:6,(anonymous_1)
FN:6,defineProperties
FN:6,(anonymous_3)
FN:8,_classCallCheck
FN:14,(anonymous_5)
FN:15,PoolRedisPromise
FN:36,getClientAsync
FN:39,(anonymous_8)
FN:47,_getClientFromPool
FN:50,(anonymous_10)
FN:52,(anonymous_11)
FN:62,handleSetClient
FNF:12
FNH:12
FNDA:1,(anonymous_1)
FNDA:1,defineProperties
FNDA:1,(anonymous_3)
FNDA:1,_classCallCheck
FNDA:1,(anonymous_5)
FNDA:1,PoolRedisPromise
FNDA:1,getClientAsync
FNDA:1,(anonymous_8)
FNDA:1,_getClientFromPool
FNDA:1,(anonymous_10)
FNDA:1,(anonymous_11)
FNDA:1,handleSetClient
DA:6,2
DA:8,1
DA:10,1
DA:14,1
DA:15,1
DA:16,1
DA:18,1
DA:20,1
DA:21,1
DA:22,1
DA:23,1
DA:24,1
DA:25,1
DA:26,1
DA:27,1
DA:28,1
DA:30,1
DA:31,1
DA:34,1
DA:37,1
DA:39,1
DA:40,1
DA:41,1
DA:48,1
DA:50,1
DA:52,1
DA:54,1
DA:55,1
DA:56,1
DA:57,1
DA:59,0
DA:62,1
DA:63,1
DA:70,1
DA:73,1
LF:35
LH:34
BRDA:6,1,0,2
BRDA:6,1,1,2
BRDA:6,2,0,2
BRDA:6,2,1,0
BRDA:6,3,0,1
BRDA:6,3,1,0
BRDA:6,4,0,0
BRDA:6,4,1,1
BRDA:8,5,0,0
BRDA:8,5,1,1
BRDA:16,6,0,1
BRDA:16,6,1,0
BRDA:16,7,0,1
BRDA:16,7,1,0
BRDA:20,8,0,1
BRDA:20,8,1,1
BRDA:21,9,0,1
BRDA:21,9,1,1
BRDA:22,10,0,1
BRDA:22,10,1,1
BRDA:23,11,0,1
BRDA:23,11,1,1
BRDA:24,12,0,1
BRDA:24,12,1,1
BRDA:25,13,0,1
BRDA:25,13,1,1
BRDA:26,14,0,1
BRDA:26,14,1,1
BRDA:27,15,0,1
BRDA:27,15,1,1
BRDA:28,16,0,1
BRDA:28,16,1,1
BRDA:40,17,0,1
BRDA:40,17,1,0
BRDA:54,18,0,1
BRDA:54,18,1,0
BRF:36
BRH:28
end_of_record
TN:
SF:/Users/chourihan1/Code/Personal/pool-redis-promise/config.js
FNF:0
FNH:0
DA:1,1
DA:10,1
LF:2
LH:2
BRF:0
BRH:0
end_of_record
