TN:
SF:/Users/chourihan1/Code/Personal/pool-redis-promise/dist/pool_redis_promise.js
FN:6,(anonymous_1)
FN:6,defineProperties
FN:6,(anonymous_3)
FN:8,_classCallCheck
FN:14,(anonymous_5)
FN:15,PoolRedisPromise
FN:36,getClientAsync
FN:41,_getClientAsync
FN:44,(anonymous_9)
FN:52,_getClientFromPool
FN:55,(anonymous_11)
FN:57,(anonymous_12)
FN:67,handleSetClient
FNF:13
FNH:13
FNDA:1,(anonymous_1)
FNDA:1,defineProperties
FNDA:1,(anonymous_3)
FNDA:1,_classCallCheck
FNDA:1,(anonymous_5)
FNDA:1,PoolRedisPromise
FNDA:1,getClientAsync
FNDA:1,_getClientAsync
FNDA:1,(anonymous_9)
FNDA:1,_getClientFromPool
FNDA:1,(anonymous_11)
FNDA:1,(anonymous_12)
FNDA:1,handleSetClient
DA:6,3
DA:8,1
DA:10,1
DA:14,1
DA:15,1
DA:16,1
DA:18,1
DA:20,1
DA:21,1
DA:22,1
DA:23,1
DA:24,1
DA:25,1
DA:26,1
DA:27,1
DA:28,1
DA:30,1
DA:31,1
DA:34,1
DA:37,1
DA:42,1
DA:44,1
DA:45,1
DA:46,1
DA:53,1
DA:55,1
DA:57,1
DA:59,1
DA:60,1
DA:61,1
DA:62,1
DA:64,0
DA:67,1
DA:68,1
DA:75,1
DA:78,1
LF:36
LH:35
BRDA:6,1,0,3
BRDA:6,1,1,3
BRDA:6,2,0,3
BRDA:6,2,1,0
BRDA:6,3,0,1
BRDA:6,3,1,0
BRDA:6,4,0,0
BRDA:6,4,1,1
BRDA:8,5,0,0
BRDA:8,5,1,1
BRDA:16,6,0,1
BRDA:16,6,1,0
BRDA:16,7,0,1
BRDA:16,7,1,0
BRDA:20,8,0,1
BRDA:20,8,1,1
BRDA:21,9,0,1
BRDA:21,9,1,1
BRDA:22,10,0,1
BRDA:22,10,1,1
BRDA:23,11,0,1
BRDA:23,11,1,1
BRDA:24,12,0,1
BRDA:24,12,1,1
BRDA:25,13,0,1
BRDA:25,13,1,1
BRDA:26,14,0,1
BRDA:26,14,1,1
BRDA:27,15,0,1
BRDA:27,15,1,1
BRDA:28,16,0,1
BRDA:28,16,1,1
BRDA:45,17,0,1
BRDA:45,17,1,0
BRDA:59,18,0,1
BRDA:59,18,1,0
BRF:36
BRH:28
end_of_record
TN:
SF:/Users/chourihan1/Code/Personal/pool-redis-promise/config.js
FNF:0
FNH:0
DA:1,1
DA:10,1
LF:2
LH:2
BRF:0
BRH:0
end_of_record
